../lib/kerberos.cc:79:3: error: use of undeclared identifier 'scope'
  NanReturnValue(args.This());
  ^
../node_modules/nan/nan.h:1281:39: note: expanded from macro 'NanReturnValue'
# define NanReturnValue(value) return scope.Close(value)
                                      ^
1 error generated.
make: *** [Release/obj.target/kerberos/lib/kerberos.o] Error 1
gyp ERR! build error 
gyp ERR! stack Error: `make` failed with exit code: 2
gyp ERR! stack     at ChildProcess.onExit (/Users/Garve/.nvm/v0.10.29/lib/node_modules/npm/node_modules/node-gyp/lib/build.js:267:23)
gyp ERR! stack     at ChildProcess.emit (events.js:98:17)
gyp ERR! stack     at Process.ChildProcess._handle.onexit (child_process.js:809:12)
gyp ERR! System Darwin 13.4.0
gyp ERR! command "node" "/Users/Garve/.nvm/v0.10.29/lib/node_modules/npm/node_modules/node-gyp/bin/node-gyp.js" "rebuild"
gyp ERR! cwd /Users/Garve/projects/angello-node-api/node_modules/loopback-connector-mongodb/node_modules/mongodb/node_modules/kerberos
gyp ERR! node -v v0.10.29
gyp ERR! node-gyp -v v0.13.1
gyp ERR! not ok 
